<?xml version="1.0" encoding="utf-8"?><testsuites><testsuite name="pytest" errors="0" failures="0" skipped="0" tests="182" time="9.038" timestamp="2026-09-21T10:06:05.295595+10:00" hostname="DESKTOP-550AABJ"><testcase classname="tests.test_advisor" name="test_rules_are_deterministic_and_question_sensitive" time="0.001" /><testcase classname="tests.test_advisor" name="test_rules_use_word_boundaries_and_specific_parse_intent" time="0.000" /><testcase classname="tests.test_advisor" name="test_no_findings_never_loads_model" time="0.000" /><testcase classname="tests.test_advisor" name="test_invalid_model_contract_is_rejected[not json-schema]" time="0.000" /><testcase classname="tests.test_advisor" name="test_invalid_model_contract_is_rejected[[]-schema]" time="0.000" /><testcase classname="tests.test_advisor" name="test_invalid_model_contract_is_rejected[{&quot;finding_ids&quot;: [&quot;F-1&quot;], &quot;explanation&quot;: &quot;These values may affect coverage.&quot;, &quot;next_steps&quot;: [&quot;Inspect the evidence and compare a repair preview.&quot;], &quot;extra&quot;: &quot;unexpected&quot;}-schema]" time="0.000" /><testcase classname="tests.test_advisor" name="test_invalid_model_contract_is_rejected[{&quot;finding_ids&quot;: [&quot;F-404&quot;], &quot;explanation&quot;: &quot;These values may affect coverage.&quot;, &quot;next_steps&quot;: [&quot;Inspect the evidence and compare a repair preview.&quot;]}-citation]" time="0.000" /><testcase classname="tests.test_advisor" name="test_invalid_model_contract_is_rejected[{&quot;finding_ids&quot;: [&quot;F-1&quot;, &quot;F-1&quot;], &quot;explanation&quot;: &quot;These values may affect coverage.&quot;, &quot;next_steps&quot;: [&quot;Inspect the evidence and compare a repair preview.&quot;]}-citation]" time="0.000" /><testcase classname="tests.test_advisor" name="test_invalid_model_contract_is_rejected[{&quot;finding_ids&quot;: [], &quot;explanation&quot;: &quot;These values may affect coverage.&quot;, &quot;next_steps&quot;: [&quot;Inspect the evidence and compare a repair preview.&quot;]}-schema]" time="0.000" /><testcase classname="tests.test_advisor" name="test_invalid_model_contract_is_rejected[{&quot;finding_ids&quot;: [true], &quot;explanation&quot;: &quot;These values may affect coverage.&quot;, &quot;next_steps&quot;: [&quot;Inspect the evidence and compare a repair preview.&quot;]}-schema]" time="0.000" /><testcase classname="tests.test_advisor" name="test_invalid_model_contract_is_rejected[{&quot;finding_ids&quot;: [&quot;F-1&quot;], &quot;explanation&quot;: &quot;These values may affect coverage.&quot;, &quot;next_steps&quot;: &quot;delete&quot;}-schema]" time="0.000" /><testcase classname="tests.test_advisor" name="test_invalid_model_contract_is_rejected[{&quot;finding_ids&quot;: [&quot;F-1&quot;], &quot;explanation&quot;: &quot;These values may affect coverage.&quot;, &quot;next_steps&quot;: [&quot;&quot;]}-schema]" time="0.000" /><testcase classname="tests.test_advisor" name="test_invalid_model_contract_is_rejected[{&quot;finding_ids&quot;: [&quot;F-1&quot;], &quot;explanation&quot;: &quot;Sales increased by 42 percent.&quot;, &quot;next_steps&quot;: [&quot;Inspect the evidence and compare a repair preview.&quot;]}-numeric_claim]" time="0.000" /><testcase classname="tests.test_advisor" name="test_invalid_model_contract_is_rejected[{&quot;finding_ids&quot;: [&quot;F-1&quot;], &quot;explanation&quot;: &quot;There are two copies.&quot;, &quot;next_steps&quot;: [&quot;Inspect the evidence and compare a repair preview.&quot;]}-numeric_claim]" time="0.000" /><testcase classname="tests.test_advisor" name="test_invalid_model_contract_is_rejected[{&quot;finding_ids&quot;: [&quot;F-1&quot;], &quot;explanation&quot;: &quot;Affected amount is \\u00a3lots.&quot;, &quot;next_steps&quot;: [&quot;Inspect the evidence and compare a repair preview.&quot;]}-numeric_claim]" time="0.001" /><testcase classname="tests.test_advisor" name="test_invalid_model_contract_is_rejected[{&quot;finding_ids&quot;: [&quot;F-1&quot;], &quot;explanation&quot;: &quot;\\u7ea6\\u6709\\u4e09\\u6761\\u91cd\\u590d\\u8bb0\\u5f55\\u3002&quot;, &quot;next_steps&quot;: [&quot;Inspect the evidence and compare a repair preview.&quot;]}-numeric_claim]" time="0.000" /><testcase classname="tests.test_advisor" name="test_invalid_model_contract_is_rejected[{&quot;finding_ids&quot;: [&quot;F-1&quot;], &quot;explanation&quot;: &quot;This is proven fraud.&quot;, &quot;next_steps&quot;: [&quot;Inspect the evidence and compare a repair preview.&quot;]}-unsupported_assertion]" time="0.000" /><testcase classname="tests.test_advisor" name="test_invalid_model_contract_is_rejected[{&quot;finding_ids&quot;: [&quot;F-1&quot;], &quot;explanation&quot;: &quot;These values may affect coverage.&quot;, &quot;next_steps&quot;: [&quot;Automatically delete the duplicates.&quot;]}-unsupported_assertion]" time="0.000" /><testcase classname="tests.test_advisor" name="test_valid_selection_is_only_cited_in_id_array" time="0.000" /><testcase classname="tests.test_advisor" name="test_prompt_is_bounded_and_never_contains_entire_row_table" time="0.001" /><testcase classname="tests.test_advisor" name="test_ranker_gets_check_meaning_without_raw_literals_or_row_hashes" time="0.000" /><testcase classname="tests.test_advisor" name="test_candidate_budget_preserves_less_frequent_rule_types" time="0.000" /><testcase classname="tests.test_advisor" name="test_missing_model_keeps_functional_rules" time="0.006" /><testcase classname="tests.test_advisor" name="test_success_uses_isolated_local_worker_and_overridden_interpreter" time="0.006" /><testcase classname="tests.test_advisor" name="test_timeout_returns_rules_and_removes_private_request" time="0.004" /><testcase classname="tests.test_advisor" name="test_model_failure_keeps_raw_invalid_generation" time="0.005" /><testcase classname="tests.test_advisor" name="test_missing_result_is_actionable_failure" time="0.005" /><testcase classname="tests.test_advisor" name="test_bad_worker_payload_falls_back[worker_result0]" time="0.005" /><testcase classname="tests.test_advisor" name="test_bad_worker_payload_falls_back[worker_result1]" time="0.005" /><testcase classname="tests.test_advisor" name="test_bad_worker_payload_falls_back[worker_result2]" time="0.005" /><testcase classname="tests.test_advisor" name="test_citations_must_be_in_offered_subset_not_only_original_findings" time="0.005" /><testcase classname="tests.test_advisor" name="test_identical_advice_is_cached_with_current_latency_and_fresh_lists" time="0.017" /><testcase classname="tests.test_advisor" name="test_cache_invalidates_for_question_ids_model_files_and_interpreter" time="0.018" /><testcase classname="tests.test_advisor" name="test_cache_is_bounded_expires_and_can_be_bypassed" time="0.023" /><testcase classname="tests.test_advisor" name="test_failures_are_not_cached" time="0.008" /><testcase classname="tests.test_advisor" name="test_concurrent_identical_requests_share_validated_result" time="0.107" /><testcase classname="tests.test_advisor" name="test_busy_worker_respects_callers_total_timeout" time="0.029" /><testcase classname="tests.test_advisor" name="test_invalid_timeout_does_not_spawn[0]" time="0.003" /><testcase classname="tests.test_advisor" name="test_invalid_timeout_does_not_spawn[-1]" time="0.003" /><testcase classname="tests.test_advisor" name="test_invalid_timeout_does_not_spawn[nan]" time="0.002" /><testcase classname="tests.test_advisor" name="test_invalid_timeout_does_not_spawn[inf]" time="0.002" /><testcase classname="tests.test_advisor" name="test_invalid_timeout_does_not_spawn[301]" time="0.002" /><testcase classname="tests.test_advisor" name="test_invalid_timeout_does_not_spawn[True]" time="0.002" /><testcase classname="tests.test_advisor" name="test_invalid_path_does_not_crash_rules_workflow" time="0.000" /><testcase classname="tests.test_advisor" name="test_actual_timeout_terminates_windows_descendant" time="3.066" /><testcase classname="tests.test_app" name="test_demo_repair_save_restore_and_recommendation" time="0.723" /><testcase classname="tests.test_app" name="test_changed_reason_disables_commit" time="0.327" /><testcase classname="tests.test_app" name="test_findings_after_first_forty_are_accessible_and_actionable" time="0.253" /><testcase classname="tests.test_app" name="test_rows_after_five_hundred_can_be_browsed_and_repaired" time="0.402" /><testcase classname="tests.test_app" name="test_repair_draft_survives_current_case_tab_and_other_case_navigation" time="0.558" /><testcase classname="tests.test_app" name="test_exports_are_requested_once_per_saved_version" time="0.379" /><testcase classname="tests.test_app" name="test_restoring_different_target_or_reason_requires_new_confirmation" time="0.326" /><testcase classname="tests.test_cases" name="test_twelve_frozen_cases_and_complete_lock" time="0.002" /><testcase classname="tests.test_cases" name="test_splits_have_no_original_source_overlap" time="0.002" /><testcase classname="tests.test_cases" name="test_case_can_be_rebuilt_byte_for_byte_from_its_recorded_source_rows[dev-broken-dates]" time="0.002" /><testcase classname="tests.test_cases" name="test_case_can_be_rebuilt_byte_for_byte_from_its_recorded_source_rows[dev-broken-numbers]" time="0.002" /><testcase classname="tests.test_cases" name="test_case_can_be_rebuilt_byte_for_byte_from_its_recorded_source_rows[dev-duplicate-dispatch]" time="0.002" /><testcase classname="tests.test_cases" name="test_case_can_be_rebuilt_byte_for_byte_from_its_recorded_source_rows[dev-missing-fields]" time="0.002" /><testcase classname="tests.test_cases" name="test_case_can_be_rebuilt_byte_for_byte_from_its_recorded_source_rows[dev-mixed-incident]" time="0.002" /><testcase classname="tests.test_cases" name="test_case_can_be_rebuilt_byte_for_byte_from_its_recorded_source_rows[dev-price-spike]" time="0.002" /><testcase classname="tests.test_cases" name="test_case_can_be_rebuilt_byte_for_byte_from_its_recorded_source_rows[test-broken-dates]" time="0.002" /><testcase classname="tests.test_cases" name="test_case_can_be_rebuilt_byte_for_byte_from_its_recorded_source_rows[test-broken-numbers]" time="0.002" /><testcase classname="tests.test_cases" name="test_case_can_be_rebuilt_byte_for_byte_from_its_recorded_source_rows[test-duplicate-dispatch]" time="0.002" /><testcase classname="tests.test_cases" name="test_case_can_be_rebuilt_byte_for_byte_from_its_recorded_source_rows[test-missing-fields]" time="0.002" /><testcase classname="tests.test_cases" name="test_case_can_be_rebuilt_byte_for_byte_from_its_recorded_source_rows[test-mixed-incident]" time="0.002" /><testcase classname="tests.test_cases" name="test_case_can_be_rebuilt_byte_for_byte_from_its_recorded_source_rows[test-price-spike]" time="0.002" /><testcase classname="tests.test_cases" name="test_inverse_edits_restore_exact_baseline_without_using_engine[dev-broken-dates]" time="0.001" /><testcase classname="tests.test_cases" name="test_inverse_edits_restore_exact_baseline_without_using_engine[dev-broken-numbers]" time="0.001" /><testcase classname="tests.test_cases" name="test_inverse_edits_restore_exact_baseline_without_using_engine[dev-duplicate-dispatch]" time="0.001" /><testcase classname="tests.test_cases" name="test_inverse_edits_restore_exact_baseline_without_using_engine[dev-missing-fields]" time="0.001" /><testcase classname="tests.test_cases" name="test_inverse_edits_restore_exact_baseline_without_using_engine[dev-mixed-incident]" time="0.001" /><testcase classname="tests.test_cases" name="test_inverse_edits_restore_exact_baseline_without_using_engine[dev-price-spike]" time="0.001" /><testcase classname="tests.test_cases" name="test_inverse_edits_restore_exact_baseline_without_using_engine[test-broken-dates]" time="0.001" /><testcase classname="tests.test_cases" name="test_inverse_edits_restore_exact_baseline_without_using_engine[test-broken-numbers]" time="0.001" /><testcase classname="tests.test_cases" name="test_inverse_edits_restore_exact_baseline_without_using_engine[test-duplicate-dispatch]" time="0.001" /><testcase classname="tests.test_cases" name="test_inverse_edits_restore_exact_baseline_without_using_engine[test-missing-fields]" time="0.001" /><testcase classname="tests.test_cases" name="test_inverse_edits_restore_exact_baseline_without_using_engine[test-mixed-incident]" time="0.001" /><testcase classname="tests.test_cases" name="test_inverse_edits_restore_exact_baseline_without_using_engine[test-price-spike]" time="0.001" /><testcase classname="tests.test_cases" name="test_independent_oracle_handles_returns_and_unassigned_amount" time="0.000" /><testcase classname="tests.test_cases" name="test_evaluator_uses_labels_instead_of_detector_as_truth" time="0.008" /><testcase classname="tests.test_cases" name="test_permitted_duplicate_review_is_not_an_error_false_positive" time="0.008" /><testcase classname="tests.test_cases" name="test_load_case_rejects_changed_input" time="0.004" /><testcase classname="tests.test_core_optimizations" name="test_export_roundtrip_preserves_every_newline_and_decimal_amount[one\rtwo]" time="0.000" /><testcase classname="tests.test_core_optimizations" name="test_export_roundtrip_preserves_every_newline_and_decimal_amount[one\ntwo]" time="0.000" /><testcase classname="tests.test_core_optimizations" name="test_export_roundtrip_preserves_every_newline_and_decimal_amount[one\r\ntwo]" time="0.000" /><testcase classname="tests.test_core_optimizations" name="test_export_roundtrip_preserves_every_newline_and_decimal_amount[one,&quot;two&quot;\rthree]" time="0.000" /><testcase classname="tests.test_core_optimizations" name="test_audit_csv_preserves_carriage_returns_in_reason_before_and_after" time="0.090" /><testcase classname="tests.test_core_optimizations" name="test_faster_snapshot_serialization_retains_format_hash_and_detached_containers" time="0.000" /><testcase classname="tests.test_core_optimizations" name="test_preview_does_not_share_mutable_plan_selections_with_caller" time="0.000" /><testcase classname="tests.test_core_optimizations" name="test_committed_audit_cannot_be_rewritten_by_caller_mutation_during_publication" time="0.077" /><testcase classname="tests.test_core_optimizations" name="test_malformed_json_repair_plans_raise_user_validation_errors[None]" time="0.000" /><testcase classname="tests.test_core_optimizations" name="test_malformed_json_repair_plans_raise_user_validation_errors[data1]" time="0.000" /><testcase classname="tests.test_core_optimizations" name="test_malformed_json_repair_plans_raise_user_validation_errors[data2]" time="0.000" /><testcase classname="tests.test_core_optimizations" name="test_malformed_json_repair_plans_raise_user_validation_errors[data3]" time="0.000" /><testcase classname="tests.test_core_optimizations" name="test_malformed_json_repair_plans_raise_user_validation_errors[data4]" time="0.000" /><testcase classname="tests.test_core_optimizations" name="test_malformed_json_repair_plans_raise_user_validation_errors[data5]" time="0.000" /><testcase classname="tests.test_core_optimizations" name="test_malformed_json_repair_plans_raise_user_validation_errors[data6]" time="0.000" /><testcase classname="tests.test_core_optimizations" name="test_malformed_json_repair_plans_raise_user_validation_errors[data7]" time="0.000" /><testcase classname="tests.test_core_optimizations" name="test_malformed_json_repair_plans_raise_user_validation_errors[data8]" time="0.000" /><testcase classname="tests.test_core_optimizations" name="test_history_is_bounded_to_selected_version_and_stays_within_dataset" time="0.102" /><testcase classname="tests.test_core_optimizations" name="test_report_reuses_only_matching_analysis_and_reads_snapshot_once" time="0.062" /><testcase classname="tests.test_core_optimizations" name="test_legacy_cached_analysis_without_version_binding_is_recalculated" time="0.063" /><testcase classname="tests.test_core_optimizations" name="test_findings_csv_includes_all_row_references_and_version_without_truncation" time="0.001" /><testcase classname="tests.test_engine" name="test_csv_preserves_strings_bom_quoted_newlines_and_stable_identity" time="0.000" /><testcase classname="tests.test_engine" name="test_malformed_csv_is_rejected[]" time="0.000" /><testcase classname="tests.test_engine" name="test_malformed_csv_is_rejected[a,a\n1,2]" time="0.000" /><testcase classname="tests.test_engine" name="test_malformed_csv_is_rejected[a, a \n1,2]" time="0.000" /><testcase classname="tests.test_engine" name="test_malformed_csv_is_rejected[a, \n1,2]" time="0.000" /><testcase classname="tests.test_engine" name="test_malformed_csv_is_rejected[a,b\n1]" time="0.000" /><testcase classname="tests.test_engine" name="test_malformed_csv_is_rejected[a,b\n1,2,3]" time="0.000" /><testcase classname="tests.test_engine" name="test_malformed_csv_is_rejected[a,b\n1,&quot;unclosed]" time="0.000" /><testcase classname="tests.test_engine" name="test_malformed_csv_is_rejected[a,b\n1,&quot;closed&quot;bad]" time="0.000" /><testcase classname="tests.test_engine" name="test_malformed_csv_is_rejected[a,b\n1,stray&quot;quote]" time="0.000" /><testcase classname="tests.test_engine" name="test_malformed_csv_is_rejected[a,b\n\n]" time="0.000" /><testcase classname="tests.test_engine" name="test_malformed_csv_is_rejected[a,b\n\xff,2]" time="0.000" /><testcase classname="tests.test_engine" name="test_malformed_csv_is_rejected[a,b\n1,\x002]" time="0.001" /><testcase classname="tests.test_engine" name="test_csv_upload_and_row_limits" time="0.004" /><testcase classname="tests.test_engine" name="test_csv_escaped_quotes_and_custom_delimiter_are_valid" time="0.000" /><testcase classname="tests.test_engine" name="test_mapping_and_explicit_settings_validation" time="0.000" /><testcase classname="tests.test_engine" name="test_returns_cancellations_and_multiline_orders_are_normal" time="0.000" /><testcase classname="tests.test_engine" name="test_decimal_amounts_remain_exact_without_currency_rounding" time="0.000" /><testcase classname="tests.test_engine" name="test_invalid_numbers_are_not_zero_filled[1.5-2]" time="0.000" /><testcase classname="tests.test_engine" name="test_invalid_numbers_are_not_zero_filled[1e2-2]" time="0.000" /><testcase classname="tests.test_engine" name="test_invalid_numbers_are_not_zero_filled[1-NaN]" time="0.000" /><testcase classname="tests.test_engine" name="test_invalid_numbers_are_not_zero_filled[1-inf]" time="0.000" /><testcase classname="tests.test_engine" name="test_invalid_numbers_are_not_zero_filled[1-1,25]" time="0.000" /><testcase classname="tests.test_engine" name="test_invalid_numbers_are_not_zero_filled[1000000001-2]" time="0.000" /><testcase classname="tests.test_engine" name="test_invalid_numbers_are_not_zero_filled[1-1000000000001]" time="0.000" /><testcase classname="tests.test_engine" name="test_invalid_numbers_are_not_zero_filled[1-0.0000000000001]" time="0.000" /><testcase classname="tests.test_engine" name="test_thousands_and_decimal_format_is_explicit_and_strict" time="0.000" /><testcase classname="tests.test_engine" name="test_missing_cells_have_one_finding_per_field_not_parse_duplicates" time="0.000" /><testcase classname="tests.test_engine" name="test_invalid_date_keeps_amount_and_reports_unassigned_coverage" time="0.000" /><testcase classname="tests.test_engine" name="test_ambiguous_date_change_moves_month_without_changing_net" time="0.001" /><testcase classname="tests.test_engine" name="test_compact_dates_require_fixed_width_while_delimited_dates_allow_unpadded_fields" time="0.001" /><testcase classname="tests.test_engine" name="test_duplicate_candidates_compare_every_raw_column_and_remain_included" time="0.000" /><testcase classname="tests.test_engine" name="test_price_outlier_minimum_sample_zero_iqr_and_review_only" time="0.000" /><testcase classname="tests.test_engine" name="test_price_outliers_use_three_iqr_instead_of_a_fixed_price_threshold" time="0.000" /><testcase classname="tests.test_engine" name="test_multistep_preview_is_pure_preserves_rows_and_records_each_change" time="0.001" /><testcase classname="tests.test_engine" name="test_preview_fingerprint_binds_full_parent_content_and_plan" time="0.001" /><testcase classname="tests.test_engine" name="test_invalid_operations_fail_without_mutating_parent[operation0]" time="0.000" /><testcase classname="tests.test_engine" name="test_invalid_operations_fail_without_mutating_parent[operation1]" time="0.000" /><testcase classname="tests.test_engine" name="test_invalid_operations_fail_without_mutating_parent[operation2]" time="0.000" /><testcase classname="tests.test_engine" name="test_invalid_operations_fail_without_mutating_parent[operation3]" time="0.000" /><testcase classname="tests.test_engine" name="test_invalid_operations_fail_without_mutating_parent[operation4]" time="0.000" /><testcase classname="tests.test_engine" name="test_unknown_column_empty_reason_stale_base_and_noop_are_rejected" time="0.000" /><testcase classname="tests.test_engine" name="test_untargeted_cells_stay_identical_after_single_cell_repair" time="0.000" /><testcase classname="tests.test_engine" name="test_dates_are_parsed_once_per_distinct_value" time="0.002" /><testcase classname="tests.test_explorer" name="test_source_selection_reaches_later_rows_without_changing_identity" time="0.002" /><testcase classname="tests.test_explorer" name="test_invalid_selection_never_partially_applies[0]" time="0.001" /><testcase classname="tests.test_explorer" name="test_invalid_selection_never_partially_applies[601]" time="0.001" /><testcase classname="tests.test_explorer" name="test_invalid_selection_never_partially_applies[5-2]" time="0.001" /><testcase classname="tests.test_explorer" name="test_invalid_selection_never_partially_applies[1-999999999]" time="0.001" /><testcase classname="tests.test_explorer" name="test_invalid_selection_never_partially_applies[1;2]" time="0.001" /><testcase classname="tests.test_explorer" name="test_invalid_selection_never_partially_applies[1,]" time="0.001" /><testcase classname="tests.test_explorer" name="test_invalid_selection_never_partially_applies[2.5]" time="0.001" /><testcase classname="tests.test_explorer" name="test_invalid_selection_never_partially_applies[-1]" time="0.001" /><testcase classname="tests.test_explorer" name="test_excluded_record_numbers_do_not_shift_and_cannot_be_silently_selected" time="0.001" /><testcase classname="tests.test_regressions" name="test_duplicate_request_committed_between_lookup_and_preview_returns_same_result" time="0.089" /><testcase classname="tests.test_regressions" name="test_exported_report_and_audit_stay_on_selected_version_after_concurrent_save" time="0.079" /><testcase classname="tests.test_regressions" name="test_report_contains_complete_column_mapping_for_reimport" time="0.064" /><testcase classname="tests.test_regressions" name="test_row_reference_export_never_duplicates_an_existing_header[_detective_row_id]" time="0.059" /><testcase classname="tests.test_regressions" name="test_row_reference_export_never_duplicates_an_existing_header[ _detective_row_id ]" time="0.159" /><testcase classname="tests.test_regressions" name="test_row_reference_export_never_duplicates_an_existing_header[__detective_row_id]" time="0.050" /><testcase classname="tests.test_regressions" name="test_parse_settings_ui_preserves_existing_currency_and_nbsp_across_reruns" time="0.071" /><testcase classname="tests.test_regressions" name="test_source_columns_cannot_overwrite_system_row_reference_or_inclusion_status" time="0.052" /><testcase classname="tests.test_regressions" name="test_restored_export_reproduces_exact_amount_and_keeps_restore_reference" time="0.099" /><testcase classname="tests.test_store" name="test_import_retry_and_original_survive_restart" time="0.066" /><testcase classname="tests.test_store" name="test_preview_has_no_persistent_side_effect" time="0.061" /><testcase classname="tests.test_store" name="test_idempotency_and_stale_preview" time="0.083" /><testcase classname="tests.test_store" name="test_tampered_preview_refused" time="0.057" /><testcase classname="tests.test_store" name="test_racing_repairs_commit_only_one" time="0.081" /><testcase classname="tests.test_store" name="test_restore_is_new_version_with_exact_original_content" time="0.094" /><testcase classname="tests.test_store" name="test_restore_cannot_cross_datasets" time="0.074" /><testcase classname="tests.test_store" name="test_corrupt_snapshot_detected" time="0.054" /><testcase classname="tests.test_store" name="test_publication_failure_never_commits_metadata" time="0.065" /><testcase classname="tests.test_store" name="test_exports_include_settings_and_changes" time="0.080" /><testcase classname="tests.test_verify" name="test_case_gate_rejects_regression_even_when_evaluator_exit_would_be_zero" time="0.001" /><testcase classname="tests.test_verify" name="test_case_gate_allows_documented_review_but_rejects_error_flags" time="0.001" /><testcase classname="tests.test_verify" name="test_case_gate_rejects_missing_evidence" time="0.001" /><testcase classname="tests.test_verify" name="test_source_changes_include_added_deleted_and_changed_files" time="0.000" /><testcase classname="tests.test_verify" name="test_junit_counts_includes_failures_and_skips" time="0.003" /><testcase classname="tests.test_verify" name="test_no_test_or_all_skipped_is_not_a_pass" time="0.000" /></testsuite></testsuites>